{"level":"info","message":"running at 4000","timestamp":"2023-12-06T15:32:08.615Z"}
{"level":"info","message":"connected to db","timestamp":"2023-12-06T15:32:08.639Z"}
{"level":"info","message":"Surya@123","timestamp":"2023-12-06T15:32:13.140Z"}
{"level":"info","message":"surya@gmail.com","timestamp":"2023-12-06T15:32:13.140Z"}
{"level":"info","message":"surya@gmail.com","timestamp":"2023-12-06T15:32:13.141Z"}
{"level":"info","message":{},"timestamp":"2023-12-06T15:32:13.146Z"}
{"level":"info","timestamp":"2023-12-06T15:32:13.151Z"}
{"level":"info","message":"running at 4000","timestamp":"2023-12-06T15:32:43.709Z"}
{"level":"info","message":"connected to db","timestamp":"2023-12-06T15:32:43.751Z"}
{"level":"info","message":"Surya@123","timestamp":"2023-12-06T15:32:59.360Z"}
{"level":"info","message":"surya@gmail.com","timestamp":"2023-12-06T15:32:59.360Z"}
{"level":"info","message":"surya@gmail.com","timestamp":"2023-12-06T15:32:59.361Z"}
{"level":"info","timestamp":"2023-12-06T15:32:59.367Z"}
{"level":"info","timestamp":"2023-12-06T15:32:59.370Z"}
{"level":"info","message":"running at 4000","timestamp":"2023-12-18T02:11:42.800Z"}
{"level":"error","message":"Error connecting to database","timestamp":"2023-12-18T02:11:42.815Z"}
{"level":"info","message":"running at 4000","timestamp":"2023-12-18T02:12:51.748Z"}
{"level":"error","message":"Error connecting to database","timestamp":"2023-12-18T02:12:51.776Z"}
{"level":"info","message":"running at 4000","timestamp":"2023-12-18T02:16:11.137Z"}
{"level":"info","message":"connected to db","timestamp":"2023-12-18T02:16:11.231Z"}
{"level":"info","message":"Surya@123","timestamp":"2023-12-18T02:16:43.005Z"}
{"level":"info","message":"surya@gmail.com","timestamp":"2023-12-18T02:16:43.006Z"}
{"level":"info","message":"surya@gmail.com","timestamp":"2023-12-18T02:16:43.006Z"}
{"level":"info","timestamp":"2023-12-18T02:16:43.011Z"}
{"level":"info","timestamp":"2023-12-18T02:16:43.053Z"}
{"level":"info","message":"Surya@123","timestamp":"2023-12-18T02:16:43.064Z"}
{"level":"info","message":"surya@gmail.com","timestamp":"2023-12-18T02:16:43.064Z"}
{"level":"info","message":"surya@gmail.com","timestamp":"2023-12-18T02:16:43.064Z"}
{"level":"info","timestamp":"2023-12-18T02:16:43.068Z"}
{"level":"info","timestamp":"2023-12-18T02:16:43.073Z"}
{"level":"info","message":"running at 4000","timestamp":"2023-12-18T02:19:16.492Z"}
{"level":"info","message":"connected to db","timestamp":"2023-12-18T02:19:16.526Z"}
{"level":"info","message":"Surya@123","timestamp":"2023-12-18T02:19:33.940Z"}
{"level":"info","message":"surya@gmail.com","timestamp":"2023-12-18T02:19:33.940Z"}
{"level":"info","message":"surya@gmail.com","timestamp":"2023-12-18T02:19:33.942Z"}
{"level":"info","message":"eyJhbGciOiJIUzI1NiIsInR5cCI6IkpXVCJ9.eyJlbWFpbCI6InN1cnlhQGdtYWlsLmNvbSIsImlhdCI6MTcwMjg2NTk3M30.mfkzRNAy1J6t0kaq_u4h0T-1GlXfmxXaxdoXjocksVw","timestamp":"2023-12-18T02:19:33.947Z"}
{"level":"info","timestamp":"2023-12-18T02:19:34.934Z"}
{"level":"info","message":"running at 4000","timestamp":"2023-12-18T02:20:45.907Z"}
{"level":"info","message":"connected to db","timestamp":"2023-12-18T02:20:45.920Z"}
{"level":"info","message":"Surya@123","timestamp":"2023-12-18T02:21:03.309Z"}
{"level":"info","message":"surya@gmail.com","timestamp":"2023-12-18T02:21:03.310Z"}
{"level":"info","message":"surya@gmail.com","timestamp":"2023-12-18T02:21:03.311Z"}
{"level":"info","message":"eyJhbGciOiJIUzI1NiIsInR5cCI6IkpXVCJ9.eyJlbWFpbCI6InN1cnlhQGdtYWlsLmNvbSIsImlhdCI6MTcwMjg2NjA2M30.Epw5vxsLmruVoxaCUS8_vlk5N5glyS0n_MEQGs7l6nE","timestamp":"2023-12-18T02:21:03.319Z"}
{"level":"info","timestamp":"2023-12-18T02:21:03.804Z"}
{"level":"info","message":"running at 4000","timestamp":"2023-12-18T02:24:05.822Z"}
{"level":"info","message":"connected to db","timestamp":"2023-12-18T02:24:05.856Z"}
{"level":"info","message":"Surya@123","timestamp":"2023-12-18T02:24:20.736Z"}
{"level":"info","message":"surya@gmail.com","timestamp":"2023-12-18T02:24:20.736Z"}
{"level":"info","message":"surya@gmail.com","timestamp":"2023-12-18T02:24:20.738Z"}
{"level":"info","message":"eyJhbGciOiJIUzI1NiIsInR5cCI6IkpXVCJ9.eyJlbWFpbCI6InN1cnlhQGdtYWlsLmNvbSIsImlhdCI6MTcwMjg2NjI2MH0.YewP5k5LZCV7vIIXoS8gGRkPiOCFll4EMfiVqbfvH3E","timestamp":"2023-12-18T02:24:20.747Z"}
{"level":"info","message":"running at 4000","timestamp":"2023-12-18T02:28:32.602Z"}
{"level":"info","message":"connected to db","timestamp":"2023-12-18T02:28:32.643Z"}
{"level":"info","message":"running at 4000","timestamp":"2023-12-18T02:29:16.094Z"}
{"level":"info","message":"connected to db","timestamp":"2023-12-18T02:29:16.167Z"}
{"level":"info","message":"running at 4000","timestamp":"2023-12-18T02:31:28.624Z"}
{"level":"info","message":"connected to db","timestamp":"2023-12-18T02:31:28.639Z"}
{"level":"info","message":"Surya@123","timestamp":"2023-12-18T02:31:34.646Z"}
{"level":"info","message":"surya@gmail.com","timestamp":"2023-12-18T02:31:34.647Z"}
{"level":"info","message":"surya@gmail.com","timestamp":"2023-12-18T02:31:34.647Z"}
{"level":"info","message":"eyJhbGciOiJIUzI1NiIsInR5cCI6IkpXVCJ9.eyJlbWFpbCI6InN1cnlhQGdtYWlsLmNvbSIsImZpcnN0TmFtZSI6IlN1cnlhIiwiaWF0IjoxNzAyODY2Njk0fQ.5eriaYdpmzSDkySE-yg7GQ-yWLAq8ZTLI7GFZmpyMHQ","timestamp":"2023-12-18T02:31:34.666Z"}
{"level":"info","message":"running at 4000","timestamp":"2023-12-18T02:34:29.744Z"}
{"level":"info","message":"connected to db","timestamp":"2023-12-18T02:34:29.770Z"}
{"level":"info","message":"Surya@123","timestamp":"2023-12-18T02:35:22.328Z"}
{"level":"info","message":"surya@gmail.com","timestamp":"2023-12-18T02:35:22.328Z"}
{"level":"info","message":"surya@gmail.com","timestamp":"2023-12-18T02:35:22.329Z"}
{"level":"info","message":"eyJhbGciOiJIUzI1NiIsInR5cCI6IkpXVCJ9.eyJlbWFpbCI6InN1cnlhQGdtYWlsLmNvbSIsImZpcnN0TmFtZSI6IlN1cnlhIiwiaWF0IjoxNzAyODY2OTIyfQ.-U87f6nabmyUDPkpvez17G3Qavri5f7CfsEyEpUwCxA","timestamp":"2023-12-18T02:35:22.354Z"}
