{"level":"error","message":"error in database connecion","timestamp":"2023-03-03T03:15:53.770Z"}
{"level":"error","message":"error in database connecion","timestamp":"2023-03-03T03:16:00.919Z"}
{"level":"error","message":"error in database connecion","timestamp":"2023-03-03T03:16:56.908Z"}
{"level":"error","message":"error in database connecion","timestamp":"2023-03-03T03:17:05.966Z"}
{"level":"error","message":"error in database connecion","timestamp":"2023-03-03T03:28:30.443Z"}
{"level":"error","message":"error in database connecion","timestamp":"2023-03-03T15:40:26.308Z"}
{"level":"error","timestamp":"2023-03-04T06:46:50.467Z"}
{"level":"error","timestamp":"2023-03-04T06:49:24.976Z"}
{"level":"error","timestamp":"2023-03-04T07:38:30.934Z"}
{"level":"error","timestamp":"2023-03-04T07:42:34.775Z"}
{"level":"error","timestamp":"2023-03-04T07:42:40.126Z"}
{"level":"error","message":"error in database connecion","timestamp":"2023-03-04T07:42:40.127Z"}
{"level":"error","timestamp":"2023-03-04T07:43:52.472Z"}
{"level":"error","message":"error in database connecion","timestamp":"2023-03-04T07:43:52.473Z"}
{"level":"error","timestamp":"2023-03-04T07:51:15.526Z"}
{"level":"error","timestamp":"2023-03-04T07:51:49.737Z"}
{"level":"error","timestamp":"2023-03-04T07:53:17.812Z"}
{"level":"error","timestamp":"2023-03-04T07:55:52.410Z"}
{"level":"error","timestamp":"2023-03-04T07:56:12.587Z"}
{"level":"error","timestamp":"2023-03-04T07:57:22.101Z"}
{"level":"error","timestamp":"2023-03-04T08:01:03.181Z"}
{"level":"error","timestamp":"2023-03-04T08:01:31.139Z"}
{"level":"error","timestamp":"2023-03-04T08:02:45.205Z"}
{"level":"error","timestamp":"2023-03-04T08:07:29.396Z"}
{"level":"error","timestamp":"2023-03-04T08:09:05.040Z"}
{"level":"error","timestamp":"2023-03-04T08:09:35.015Z"}
{"level":"error","timestamp":"2023-03-04T08:09:48.108Z"}
{"level":"error","timestamp":"2023-03-04T08:10:35.963Z"}
{"level":"error","message":"null","timestamp":"2023-03-04T13:51:07.244Z"}
{"level":"error","message":"null","timestamp":"2023-03-04T13:52:34.203Z"}
{"level":"error","timestamp":"2023-03-04T13:55:54.657Z"}
{"level":"error","message":"null","timestamp":"2023-03-04T13:59:44.664Z"}
{"level":"error","message":"null","timestamp":"2023-03-04T14:01:58.165Z"}
{"level":"error","message":"null","timestamp":"2023-03-04T14:03:29.150Z"}
{"level":"error","message":"final","timestamp":"2023-03-04T14:12:06.902Z"}
{"level":"error","message":"hwas","timestamp":"2023-03-04T14:24:58.168Z"}
{"level":"error","message":"hwas","timestamp":"2023-03-04T16:25:43.368Z"}
{"level":"error","message":"error in database connecion","timestamp":"2023-03-04T16:28:45.208Z"}
{"level":"error","message":"error in database connecion","timestamp":"2023-03-06T06:52:53.815Z"}
{"level":"error","message":"error in database connecion","timestamp":"2023-03-06T06:53:57.102Z"}
{"level":"error","message":"error in database connecion","timestamp":"2023-03-06T06:53:57.102Z"}
{"level":"error","message":"error in database connecion","timestamp":"2023-03-06T06:55:20.076Z"}
{"level":"error","message":"error in database connecion","timestamp":"2023-03-06T06:55:20.076Z"}
{"level":"error","message":"error in database connecion","timestamp":"2023-03-06T06:55:45.516Z"}
{"level":"error","message":"error in database connecion","timestamp":"2023-03-06T06:55:45.516Z"}
{"level":"error","message":"error in database connecion","timestamp":"2023-03-06T06:55:45.517Z"}
{"level":"error","message":"error in database connecion","timestamp":"2023-03-06T07:01:49.345Z"}
{"level":"error","message":"Error in user registration","timestamp":"2023-03-06T07:01:49.347Z"}
{"level":"error","message":"error in database connecion","timestamp":"2023-03-06T07:02:53.896Z"}
{"level":"error","message":"Error in user registration","timestamp":"2023-03-06T07:02:53.897Z"}
{"level":"error","message":"error in database connecion","timestamp":"2023-03-06T07:05:03.625Z"}
{"level":"error","message":"Error in user registration","timestamp":"2023-03-06T07:05:03.626Z"}
{"level":"error","message":"error in database connecion","timestamp":"2023-03-06T07:09:49.919Z"}
{"level":"error","message":"Error in user registration","timestamp":"2023-03-06T07:09:49.920Z"}
{"level":"error","message":"error in database connecion","timestamp":"2023-03-06T07:10:33.274Z"}
{"level":"error","message":"Error in user registration","timestamp":"2023-03-06T07:10:33.275Z"}
{"level":"error","message":"Error in user registration","timestamp":"2023-03-06T09:35:03.759Z"}
{"level":"error","message":"User already exists","timestamp":"2023-03-06T09:42:33.411Z"}
{"level":"error","message":"Error in user registration","timestamp":"2023-03-06T09:42:33.413Z"}
{"level":"error","message":"does not matches","timestamp":"2023-03-06T10:27:38.958Z"}
{"level":"error","message":"does not matches","timestamp":"2023-03-06T10:29:50.599Z"}
{"level":"error","message":"does not matches","timestamp":"2023-03-06T10:32:16.340Z"}
{"level":"error","message":"does not matches","timestamp":"2023-03-06T10:33:58.537Z"}
{"level":"error","message":"does not matches","timestamp":"2023-03-06T15:27:23.510Z"}
{"level":"error","message":"does not matches","timestamp":"2023-03-06T15:28:08.718Z"}
{"level":"error","message":"does not matches","timestamp":"2023-03-06T15:36:50.497Z"}
{"level":"error","message":"does not matches","timestamp":"2023-03-06T15:41:00.300Z"}
{"level":"error","message":"Error connecting to database","timestamp":"2023-03-10T15:57:10.252Z"}
{"level":"error","message":"Error connecting to database","timestamp":"2023-03-11T06:56:30.359Z"}
{"level":"error","message":"Fetching error","timestamp":"2023-03-11T06:58:10.331Z"}
{"level":"error","message":"Fetching error","timestamp":"2023-03-11T06:58:55.097Z"}
{"level":"error","message":"Fetching error","timestamp":"2023-03-11T06:58:57.807Z"}
{"level":"error","message":"Fetching error","timestamp":"2023-03-11T06:59:02.194Z"}
{"level":"error","message":"Fetching error","timestamp":"2023-03-11T06:59:02.428Z"}
{"level":"error","message":"Fetching error","timestamp":"2023-03-11T06:59:02.595Z"}
{"level":"error","message":"does not matches","timestamp":"2023-03-11T07:03:44.514Z"}
{"level":"error","message":"does not matches","timestamp":"2023-03-11T07:04:39.048Z"}
{"level":"error","message":"does not matches","timestamp":"2023-03-11T07:04:44.648Z"}
{"level":"error","message":"does not matches","timestamp":"2023-03-11T07:04:44.676Z"}
{"level":"error","message":"does not matches","timestamp":"2023-03-11T07:41:07.345Z"}
